{"level":"info","message":"listening at, "}
{"level":"info","message":"listening at 9000"}
{"level":"info","message":"listening at port 9000"}
{"level":"info","message":"listening at port 9000"}
{"level":"info","message":"listening at port 9000"}
{"level":"info","message":"inside controller ,successful ","response":{"data":{"__v":0,"_id":"61d28754f9336541bc60812d","colour":"#fff","createdAt":"2022-01-03T05:19:16.371Z","description":"Kumhbar","isArchived":true,"isDeleted":true,"title":"dee6","updatedAt":"2022-01-03T05:19:16.371Z","userId":"61cc704208b103db8175bc6b"},"message":"notes saved","status":200,"success":true}}
{"level":"info","message":"listening at port 9000"}
{"level":"info","message":"listening at port 9000"}
{"level":"info","message":"inside controller ,successful ","response":{"data":{"__v":0,"_id":"61d287b12e6048a312c9b67f","colour":"#fff","createdAt":"2022-01-03T05:20:49.620Z","description":"Kumhbar","isArchived":true,"isDeleted":true,"title":"dee6","updatedAt":"2022-01-03T05:20:49.620Z","userId":"61cc704208b103db8175bc6b"},"message":"notes saved","status":200,"success":true}}
{"level":"info","message":"listening at port 9000"}
{"level":"info","message":"listening at port 9000"}
{"level":"info","message":"inside controller ,successful ","response":{"data":{"__v":0,"_id":"61d287d82728a76910b23199","colour":"#fff","createdAt":"2022-01-03T05:21:28.210Z","description":"Kumhbar","isArchived":true,"isDeleted":true,"title":"dee6","updatedAt":"2022-01-03T05:21:28.210Z","userId":"61cc704208b103db8175bc6b"},"message":"notes saved","status":200,"success":true}}
{"level":"info","message":"listening at port 9000"}
{"data":{"__v":0,"_id":"61d3ba57d1f5f8b7a0960e27","createdAt":"2022-01-04T03:09:11.304Z","email":"MERN1@gmail.com","fName":"MERN","lName":"React","password":"$2b$08$ztZcBZ.JqxYTvR5BCR3DWeGRqFbAajNy21MQz8qwTjvW5ORuJI6.C","updatedAt":"2022-01-04T03:09:11.304Z"},"level":"info","message":"inside controller ,successful   Registered Succesfully","status":200,"success":true}
{"level":"info","message":"listening at port 9000"}
{"level":"info","message":"listening at port 9000"}
{"data":{"__v":0,"_id":"61d3baa8e5acd51c8f2014a0","createdAt":"2022-01-04T03:10:32.121Z","email":"MERN2@gmail.com","fName":"MERN","lName":"React","password":"$2b$08$xsZullm.qEWLgxT7V82X7O4zOzdXofPy8J5Dz5EgKy6XWI0h/nFki","updatedAt":"2022-01-04T03:10:32.121Z"},"level":"info","message":"inside controller ,successful   Registered Succesfully","status":200,"success":true}
{"level":"info","message":"listening at port 9000"}
{"data":{"__v":0,"_id":"61d3f23ba974426c153dfa55","createdAt":"2022-01-04T07:07:40.004Z","email":"mern2@gmail.com","fName":"MERN","lName":"React","password":"$2b$08$SRvZAG8MVfAnekYGnmf.sOBzcDvG8fBFMz4gFHvWgIyXeM/5CyHLq","updatedAt":"2022-01-04T07:07:40.004Z"},"level":"info","message":"inside controller ,successful   Registered Succesfully","status":200,"success":true}
{"level":"info","message":"listening at port 9000"}
{"level":"info","message":"listening at port 9000"}
{"data":[{"__v":0,"_id":"61d3f23ba974426c153dfa55","createdAt":"2022-01-04T07:07:40.004Z","email":"mern2@gmail.com","fName":"MERN","lName":"React","password":"$2b$08$SRvZAG8MVfAnekYGnmf.sOBzcDvG8fBFMz4gFHvWgIyXeM/5CyHLq","updatedAt":"2022-01-04T07:07:40.004Z"}],"level":"info","message":"inside controller ,successful  User  Found","status":422,"success":true}
{"data":{"__v":0,"_id":"61d3f2683b3c4e4f06711a75","createdAt":"2022-01-04T07:08:24.382Z","email":"mern21@gmail.com","fName":"MERN","lName":"React","password":"$2b$08$UaelXcg2MqjyzSEySmzxOOk6TUDpygnkEUFbvpbJW/6vrGRzQyNTK","updatedAt":"2022-01-04T07:08:24.382Z"},"level":"info","message":"inside controller ,successful   Registered Succesfully","status":200,"success":true}
{"level":"info","message":"listening at port 9000"}
{"level":"info","message":"listening at port 9000"}
{"level":"info","message":"listening at port 9000"}
{"level":"info","message":"listening at port 9000"}
{"level":"info","message":"listening at port 9000"}
{"data":[{"__v":0,"_id":"61d3f2683b3c4e4f06711a75","createdAt":"2022-01-04T07:08:24.382Z","email":"mern21@gmail.com","fName":"MERN","lName":"React","password":"$2b$08$UaelXcg2MqjyzSEySmzxOOk6TUDpygnkEUFbvpbJW/6vrGRzQyNTK","updatedAt":"2022-01-04T07:08:24.382Z"}],"level":"info","message":"inside controller ,successful  User  Found","status":422,"success":true}
{"data":{"__v":0,"_id":"61d3f38248a70836a1db2b04","createdAt":"2022-01-04T07:13:06.350Z","email":"mern212@gmail.com","fName":"MERN","lName":"React","password":"$2b$08$VYUliTvTnzxJhY/cutu9jewkbho.QCSeXqGJSO.PveDyL2Tvk6VQG","updatedAt":"2022-01-04T07:13:06.350Z"},"level":"info","message":"inside controller ,successful   Registered Succesfully","status":200,"success":true}
{"level":"info","message":"listening at port 9000"}
{"level":"info","message":"listening at port 9000"}
{"data":[{"__v":0,"_id":"61d3f38248a70836a1db2b04","createdAt":"2022-01-04T07:13:06.350Z","email":"mern212@gmail.com","fName":"MERN","lName":"React","password":"$2b$08$VYUliTvTnzxJhY/cutu9jewkbho.QCSeXqGJSO.PveDyL2Tvk6VQG","updatedAt":"2022-01-04T07:13:06.350Z"}],"level":"info","message":"inside controller ,successful  User  Found","status":422,"success":true}
{"level":"info","message":"listening at port 9000"}
{"data":[{"__v":0,"_id":"61d3f38248a70836a1db2b04","createdAt":"2022-01-04T07:13:06.350Z","email":"mern212@gmail.com","fName":"MERN","lName":"React","password":"$2b$08$VYUliTvTnzxJhY/cutu9jewkbho.QCSeXqGJSO.PveDyL2Tvk6VQG","updatedAt":"2022-01-04T07:13:06.350Z"}],"level":"info","message":"inside controller ,successful  User  Found","status":422,"success":true}
{"data":[{"__v":0,"_id":"61d3f38248a70836a1db2b04","createdAt":"2022-01-04T07:13:06.350Z","email":"mern212@gmail.com","fName":"MERN","lName":"React","password":"$2b$08$VYUliTvTnzxJhY/cutu9jewkbho.QCSeXqGJSO.PveDyL2Tvk6VQG","updatedAt":"2022-01-04T07:13:06.350Z"}],"level":"info","message":"inside controller ,successful  User  Found","status":422,"success":true}
{"data":[{"__v":0,"_id":"61d3f38248a70836a1db2b04","createdAt":"2022-01-04T07:13:06.350Z","email":"mern212@gmail.com","fName":"MERN","lName":"React","password":"$2b$08$VYUliTvTnzxJhY/cutu9jewkbho.QCSeXqGJSO.PveDyL2Tvk6VQG","updatedAt":"2022-01-04T07:13:06.350Z"}],"level":"info","message":"inside controller ,successful  User  Found","status":422,"success":true}
{"data":[{"__v":0,"_id":"61d3f38248a70836a1db2b04","createdAt":"2022-01-04T07:13:06.350Z","email":"mern212@gmail.com","fName":"MERN","lName":"React","password":"$2b$08$VYUliTvTnzxJhY/cutu9jewkbho.QCSeXqGJSO.PveDyL2Tvk6VQG","updatedAt":"2022-01-04T07:13:06.350Z"}],"level":"info","message":"inside controller ,successful  User  Found","status":422,"success":true}
{"data":[{"__v":0,"_id":"61d3f38248a70836a1db2b04","createdAt":"2022-01-04T07:13:06.350Z","email":"mern212@gmail.com","fName":"MERN","lName":"React","password":"$2b$08$VYUliTvTnzxJhY/cutu9jewkbho.QCSeXqGJSO.PveDyL2Tvk6VQG","updatedAt":"2022-01-04T07:13:06.350Z"}],"level":"info","message":"inside controller ,successful  User  Found","status":422,"success":true}
{"data":[{"__v":0,"_id":"61d3f38248a70836a1db2b04","createdAt":"2022-01-04T07:13:06.350Z","email":"mern212@gmail.com","fName":"MERN","lName":"React","password":"$2b$08$VYUliTvTnzxJhY/cutu9jewkbho.QCSeXqGJSO.PveDyL2Tvk6VQG","updatedAt":"2022-01-04T07:13:06.350Z"}],"level":"info","message":"inside controller ,successful  User  Found","status":422,"success":true}
{"level":"info","message":"listening at port 9000"}
{"level":"info","message":"listening at port 9000"}
{"level":"info","message":"listening at port 9000"}
{"data":[{"__v":0,"_id":"61d3f38248a70836a1db2b04","createdAt":"2022-01-04T07:13:06.350Z","email":"mern212@gmail.com","fName":"MERN","lName":"React","password":"$2b$08$VYUliTvTnzxJhY/cutu9jewkbho.QCSeXqGJSO.PveDyL2Tvk6VQG","updatedAt":"2022-01-04T07:13:06.350Z"}],"level":"info","message":"inside controller ,successful  User  Found","status":422,"success":true}
{"level":"info","message":"listening at port 9000"}
{"level":"info","message":"listening at port 9000"}
{"data":[{"__v":0,"_id":"61d3f38248a70836a1db2b04","createdAt":"2022-01-04T07:13:06.350Z","email":"mern212@gmail.com","fName":"MERN","lName":"React","password":"$2b$08$VYUliTvTnzxJhY/cutu9jewkbho.QCSeXqGJSO.PveDyL2Tvk6VQG","updatedAt":"2022-01-04T07:13:06.350Z"}],"level":"info","message":"inside controller ,successful  User  Found","status":422,"success":true}
{"level":"info","message":"listening at port 9000"}
{"level":"info","message":"listening at port 9000"}
{"level":"info","message":"listening at port 9000"}
{"level":"info","message":"listening at port 9000"}
{"level":"info","message":"listening at port 9000"}
{"level":"info","message":"listening at port 9000"}
{"level":"info","message":"listening at port 9000"}
{"level":"info","message":"listening at port 9000"}
{"level":"info","message":"listening at port 9000"}
{"data":{"email":"deepakkumbhar1920@gmail.com","fName":"Mern","lName":"mern1234","token":"eyJhbGciOiJIUzI1NiIsInR5cCI6IkpXVCJ9.eyJlbWFpbCI6ImRlZXBha2t1bWJoYXIxOTIwQGdtYWlsLmNvbSIsImlkIjoiNjFjYzY3NzMwMGI4OGVkZWE1OTU4YTFlIiwiaWF0IjoxNjQxMjg0MDUyfQ.xgg9avXKcU8kv06dXIqdw824pCTr1xxzZpAkNz5NhdQ","userId":"61cc677300b88edea5958a1e"},"level":"info","message":"inside controller ,successful  logged in successfull","status":200,"success":true}
{"level":"info","message":"inside controller ,successful "}
{"level":"info","message":"listening at port 9000"}
{"level":"info","message":"inside controller ,successful "}
{"level":"info","message":"listening at port 9000"}
{"level":"info","message":"listening at port 9000"}
{"level":"info","message":"listening at port 9000"}
{"level":"info","message":"inside controller ,successful "}
{"level":"info","message":"listening at port 9000"}
{"level":"info","message":"inside controller ,successful "}
{"level":"info","message":"listening at port 9000"}
{"data":{"__v":0,"_id":"61cc677300b88edea5958a1e","createdAt":"2021-12-29T13:49:39.654Z","email":"deepakkumbhar1920@gmail.com","fName":"Mern","lName":"mern1234","password":"$2b$08$38XoCYJqX/OVwdnaR.liZe2SbdCoOsKvJpcVDobzsN2zAyJVQBSiu","updatedAt":"2022-01-04T08:25:14.005Z"},"level":"info","message":"inside controller ,successful  User Password Updated","status":422,"success":true}
{"level":"info","message":"listening at port 9000"}
{"level":"info","message":"listening at port 9000"}
{"data":{"__v":0,"_id":"61cc677300b88edea5958a1e","createdAt":"2021-12-29T13:49:39.654Z","email":"deepakkumbhar1920@gmail.com","fName":"Mern","lName":"mern1234","password":"$2b$08$cjVPVPk1HEcNj1TZVY.hf.bjNLHLLjB8SusTAfnM/KM7yDDtMT4Gu","updatedAt":"2022-01-04T08:32:29.212Z"},"level":"info","message":"inside controller ,successful  User Password Updated","status":200,"success":true}
{"level":"info","message":"listening at port 9000"}
{"level":"info","message":"listening at port 9000"}
{"level":"info","message":"listening at port 9000"}
{"level":"info","message":"listening at port 9000"}
{"level":"info","message":"listening at port 9000"}
{"level":"info","message":"listening at port 9000"}
{"level":"info","message":"listening at port 9000"}
{"level":"info","message":"listening at port 9000"}
{"level":"info","message":"listening at port 9000"}
{"level":"info","message":"listening at port 9000"}
{"level":"info","message":"listening at port 9000"}
{"level":"info","message":"listening at port 9000"}
{"level":"info","message":"listening at port 9000"}
{"level":"info","message":"listening at port 9000"}
{"level":"info","message":"listening at port 9000"}
{"level":"info","message":"listening at port 9000"}
{"level":"info","message":"listening at port 9000"}
{"level":"info","message":"listening at port 9000"}
{"level":"info","message":"listening at port 9000"}
{"level":"info","message":"listening at port 9000"}
{"level":"info","message":"listening at port 9000"}
{"level":"info","message":"listening at port 9000"}
{"level":"info","message":"listening at port 9000"}
{"level":"info","message":"listening at port 9000"}
{"level":"info","message":"listening at port 9000"}
{"level":"info","message":"listening at port 9000"}
{"level":"info","message":"listening at port 9000"}
{"level":"info","message":"listening at port 9000"}
{"level":"info","message":"listening at port 9000"}
{"level":"info","message":"listening at port 9000"}
{"level":"info","message":"listening at port 9000"}
{"level":"info","message":"listening at port 9000"}
{"level":"info","message":"listening at port 9000"}
{"level":"info","message":"listening at port 9000"}
{"level":"info","message":"listening at port 9000"}
{"level":"info","message":"listening at port 9000"}
{"level":"info","message":"listening at port 9000"}
{"level":"info","message":"listening at port 9000"}
{"level":"info","message":"listening at port 9000"}
{"level":"info","message":"listening at port 9000"}
{"level":"info","message":"listening at port 9000"}
{"level":"info","message":"listening at port 9000"}
{"level":"info","message":"listening at port 9000"}
{"level":"info","message":"listening at port 9000"}
{"level":"info","message":"listening at port 9000"}
{"level":"info","message":"listening at port 9000"}
{"level":"info","message":"listening at port 9000"}
{"level":"info","message":"listening at port 9000"}
{"level":"info","message":"listening at port 9000"}
{"level":"info","message":"listening at port 9000"}
{"level":"info","message":"listening at port 9000"}
{"level":"info","message":"listening at port 9000"}
{"level":"info","message":"listening at port 9000"}
{"level":"info","message":"listening at port 9000"}
{"level":"info","message":"listening at port 9000"}
{"level":"info","message":"listening at port 9000"}
{"level":"info","message":"listening at port 9000"}
{"level":"info","message":"listening at port 9000"}
{"level":"info","message":"listening at port 9000"}
{"level":"info","message":"listening at port 9000"}
{"level":"info","message":"listening at port 9000"}
{"level":"info","message":"listening at port 9000"}
{"level":"info","message":"listening at port 9000"}
{"level":"info","message":"listening at port 9000"}
{"level":"info","message":"listening at port 9000"}
{"level":"info","message":"listening at port 9000"}
{"level":"info","message":"listening at port 9000"}
{"level":"info","message":"listening at port 9000"}
{"level":"info","message":"listening at port 9000"}
{"level":"info","message":"listening at port 9000"}
{"level":"info","message":"listening at port 9000"}
{"level":"info","message":"listening at port 9000"}
{"level":"info","message":"listening at port 9000"}
{"level":"info","message":"listening at port 9000"}
{"level":"info","message":"listening at port 9000"}
{"level":"info","message":"listening at port 9000"}
{"level":"info","message":"listening at port 9000"}
{"level":"info","message":"listening at port 9000"}
{"level":"info","message":"listening at port 9000"}
{"level":"info","message":"listening at port 9000"}
{"level":"info","message":"listening at port 9000"}
{"level":"info","message":"listening at port 9000"}
{"level":"info","message":"listening at port 9000"}
{"level":"info","message":"listening at port 9000"}
{"level":"info","message":"listening at port 9000"}
{"level":"info","message":"listening at port 9000"}
{"level":"info","message":"listening at port 9000"}
{"level":"info","message":"listening at port 9000"}
{"level":"info","message":"listening at port 9000"}
{"level":"info","message":"listening at port 9000"}
{"level":"info","message":"listening at port 9000"}
{"level":"info","message":"listening at port 9000"}
{"level":"info","message":"listening at port 9000"}
{"data":{"__v":0,"_id":"61d669a323cce3a189e01e0e","createdAt":"2022-01-06T04:01:39.203Z","email":"string@gmail.com","fName":"string","lName":"string","password":"$2b$08$e1vavQCvKMzifJdgspcWFuCt4OxgG/QaM.i17QDlCx1HZI./Ckifa","updatedAt":"2022-01-06T04:01:39.203Z"},"level":"info","message":"inside controller ,successful   Registered Succesfully","status":200,"success":true}
{"level":"info","message":"listening at port 9000"}
{"level":"info","message":"listening at port 9000"}
{"level":"info","message":"listening at port 9000"}
{"data":{"email":"string@gmail.com","fName":"string","lName":"string","token":"eyJhbGciOiJIUzI1NiIsInR5cCI6IkpXVCJ9.eyJlbWFpbCI6InN0cmluZ0BnbWFpbC5jb20iLCJpZCI6IjYxZDY2OWEzMjNjY2UzYTE4OWUwMWUwZSIsImlhdCI6MTY0MTQ0MTg4Mn0.LbFh3US8ATyjE6AsdcNNNXrO6OeOrh7DAU37UyS2uf4","userId":"61d669a323cce3a189e01e0e"},"level":"info","message":"inside controller ,successful  logged in successfull","status":200,"success":true}
{"level":"info","message":"inside controller ,successful "}
{"level":"info","message":"inside controller ,successful "}
{"level":"info","message":"inside controller ,successful "}
{"level":"info","message":"listening at port 9000"}
{"level":"info","message":"listening at port 9000"}
{"data":{"__v":0,"_id":"61d6cb36efa4658cc162baa5","createdAt":"2022-01-06T10:57:58.756Z","email":"mern2123@gmail.com","fName":"MERN","lName":"React","password":"$2b$08$jYBBWEztNg1n3k25qpWcleQPuQGuyiOYXGzxdh.h06K5W48Vn7YEi","updatedAt":"2022-01-06T10:57:58.756Z"},"level":"info","message":"inside controller ,successful   Registered Succesfully","status":200,"success":true}
{"level":"info","message":"listening at port 9000"}
{"level":"info","message":"listening at port 9000"}
{"level":"info","message":"listening at port 9000"}
{"level":"info","message":"listening at port 9000"}
{"level":"info","message":"listening at port 9000"}
{"level":"info","message":"listening at port 9000"}
{"level":"info","message":"listening at port 9000"}
{"level":"info","message":"listening at port 9000"}
{"level":"info","message":"listening at port 9000"}
{"level":"info","message":"listening at port 9000"}
{"level":"info","message":"listening at port 9000"}
{"level":"info","message":"listening at port 9000"}
{"level":"info","message":"listening at port 9000"}
{"level":"info","message":"listening at port 9000"}
{"level":"info","message":"listening at port 9000"}
{"level":"info","message":"listening at port 9000"}
{"level":"info","message":"listening at port 9000"}
{"level":"info","message":"listening at port 9000"}
{"level":"info","message":"listening at port 9000"}
{"level":"info","message":"listening at port 9000"}
{"level":"info","message":"listening at port 9000"}
{"level":"info","message":"listening at port 9000"}
{"level":"info","message":"listening at port 9000"}
{"level":"info","message":"listening at port 9000"}
{"level":"info","message":"listening at port 9000"}
{"level":"info","message":"listening at port 9000"}
{"level":"info","message":"listening at port 9000"}
{"data":[{"__v":0,"_id":"61cd360328e32d269b1cfb3c","colour":"#fff","createdAt":"2021-12-30T04:30:59.886Z","description":"Kumhbar","isArchived":true,"isDeleted":true,"title":"dee10","updatedAt":"2021-12-30T17:22:49.954Z","userId":"61cc704208b103db8175bc6b"},{"__v":0,"_id":"61cddbdca55b166b3918bb61","colour":"#fff","createdAt":"2021-12-30T16:18:36.709Z","description":"Kumhbar","isArchived":true,"isDeleted":true,"title":"dee4","updatedAt":"2021-12-30T17:14:53.564Z","userId":"61cc704208b103db8175bc6b"},{"__v":0,"_id":"61cde93b112868e311f37452","colour":"#fff","createdAt":"2021-12-30T17:15:39.165Z","description":"Kumhbar","isArchived":true,"isDeleted":true,"title":"dee4","updatedAt":"2021-12-30T17:19:57.699Z","userId":"61cc704208b103db8175bc6b"},{"__v":0,"_id":"61cdea75bb9e353e5c963d6f","colour":"#fff","createdAt":"2021-12-30T17:20:53.092Z","description":"Kumhbar","isArchived":true,"isDeleted":true,"title":"dee5","updatedAt":"2021-12-30T17:20:53.092Z","userId":"61cc704208b103db8175bc6b"},{"__v":0,"_id":"61d2870ecc2159dfda0d3587","colour":"#fff","createdAt":"2022-01-03T05:18:06.932Z","description":"Kumhbar","isArchived":true,"isDeleted":true,"title":"dee6","updatedAt":"2022-01-03T05:18:06.932Z","userId":"61cc704208b103db8175bc6b"},{"__v":0,"_id":"61d28754f9336541bc60812d","colour":"#fff","createdAt":"2022-01-03T05:19:16.371Z","description":"Kumhbar","isArchived":true,"isDeleted":true,"title":"dee6","updatedAt":"2022-01-03T05:19:16.371Z","userId":"61cc704208b103db8175bc6b"},{"__v":0,"_id":"61d287b12e6048a312c9b67f","colour":"#fff","createdAt":"2022-01-03T05:20:49.620Z","description":"Kumhbar","isArchived":true,"isDeleted":true,"title":"dee6","updatedAt":"2022-01-03T05:20:49.620Z","userId":"61cc704208b103db8175bc6b"},{"__v":0,"_id":"61d287d82728a76910b23199","colour":"#fff","createdAt":"2022-01-03T05:21:28.210Z","description":"Kumhbar","isArchived":true,"isDeleted":true,"title":"dee6","updatedAt":"2022-01-03T05:21:28.210Z","userId":"61cc704208b103db8175bc6b"}],"level":"info","message":"inside controller successs Notes Found","status":200,"success":true}
{"level":"info","message":"listening at port 9000"}
{"data":[{"__v":0,"_id":"61d669a323cce3a189e01e0e","createdAt":"2022-01-06T04:01:39.203Z","email":"string@gmail.com","fName":"string","lName":"string","password":"$2b$08$e1vavQCvKMzifJdgspcWFuCt4OxgG/QaM.i17QDlCx1HZI./Ckifa","updatedAt":"2022-01-06T04:01:39.203Z"}],"level":"info","message":"inside controller ,successful  User  Found","status":200,"success":true}
{"data":{"__v":0,"_id":"61d816792ebf461983a6f597","createdAt":"2022-01-07T10:31:21.707Z","email":"string1@gmail.com","fName":"string","lName":"stringTwo","password":"$2b$08$Od26g/pGh7yp2Va199lJ0O7t7K1.IlIr2y9/KW7h6LdMwyrdSSFAe","updatedAt":"2022-01-07T10:31:21.707Z"},"level":"info","message":"inside controller ,successful   Registered Succesfully","status":200,"success":true}
{"data":{"email":"string1@gmail.com","fName":"string","lName":"stringTwo","token":"eyJhbGciOiJIUzI1NiIsInR5cCI6IkpXVCJ9.eyJlbWFpbCI6InN0cmluZzFAZ21haWwuY29tIiwiaWQiOiI2MWQ4MTY3OTJlYmY0NjE5ODNhNmY1OTciLCJpYXQiOjE2NDE1NTE1MTd9.bBDXf3dmEH4e4LDyR0InvfAtcNJkfLryE0SNbHZIxNI","userId":"61d816792ebf461983a6f597"},"level":"info","message":"inside controller ,successful  logged in successfull","status":200,"success":true}
{"level":"info","message":"listening at port 9000"}
{"level":"info","message":"listening at port 9000"}
{"level":"info","message":"listening at port 9000"}
{"level":"info","message":"listening at port 9000"}
{"level":"info","message":"listening at port 9000"}
{"level":"info","message":"listening at port 9000"}
{"level":"info","message":"listening at port 9000"}
{"level":"info","message":"listening at port 9000"}
{"level":"info","message":"inside controller ,successful ","response":{"data":{"__v":0,"_id":"61d848f6ef9ea3bb6df62f06","colour":"#fff","createdAt":"2022-01-07T14:06:46.129Z","description":"Kumhbar","isArchived":true,"isDeleted":true,"title":"dee67","updatedAt":"2022-01-07T14:06:46.129Z","userId":"61cc704208b103db8175bc6b"},"message":"notes saved","status":200,"success":true}}
{"level":"info","message":"listening at port 9000"}
{"level":"info","message":"listening at port 9000"}
{"level":"info","message":"listening at port 9000"}
{"level":"info","message":"inside controller ,successful ","response":{"data":{"__v":0,"_id":"61d84b2faaa574c384f2a0bb","colour":"#fff","createdAt":"2022-01-07T14:16:15.946Z","description":"Kumhbar","isArchived":true,"isDeleted":true,"title":"dee67","updatedAt":"2022-01-07T14:16:15.946Z","userId":"61cc704208b103db8175bc6b"},"message":"notes saved","status":200,"success":true}}
{"level":"info","message":"listening at port 9000"}
{"level":"info","message":"inside controller ,successful ","response":{"data":{"__v":0,"_id":"61d84b9a69ea5fa4a53420c9","colour":"#fff","createdAt":"2022-01-07T14:18:02.302Z","description":"Kumhbar","isArchived":true,"isDeleted":true,"title":"dee67","updatedAt":"2022-01-07T14:18:02.302Z","userId":"61cc704208b103db8175bc6b"},"message":"notes saved","status":200,"success":true}}
{"level":"info","message":"listening at port 9000"}
{"level":"info","message":"inside controller ,successful ","response":{"data":{"__v":0,"_id":"61d84bce230fb4e81fae0f63","colour":"#fff","createdAt":"2022-01-07T14:18:54.761Z","description":"Kumhbar","isArchived":true,"isDeleted":true,"title":"dee67","updatedAt":"2022-01-07T14:18:54.761Z","userId":"61cc704208b103db8175bc6b"},"message":"notes saved","status":200,"success":true}}
{"level":"info","message":"listening at port 9000"}
{"level":"info","message":"inside controller ,successful ","response":{"data":{"__v":0,"_id":"61d84c03f0a466b16a195a9d","colour":"#fff","createdAt":"2022-01-07T14:19:47.530Z","description":"Kumhbar","isArchived":true,"isDeleted":true,"title":"dee67","updatedAt":"2022-01-07T14:19:47.530Z","userId":"61cc704208b103db8175bc6b"},"message":"notes saved","status":200,"success":true}}
{"level":"info","message":"listening at port 9000"}
{"level":"info","message":"listening at port 9000"}
{"level":"info","message":"listening at port 9000"}
{"level":"info","message":"listening at port 9000"}
{"level":"info","message":"listening at port 9000"}
{"level":"info","message":"listening at port 9000"}
{"level":"info","message":"listening at port 9000"}
{"level":"info","message":"inside controller ,successful ","response":{"data":{"__v":0,"_id":"61dba3c6c7e763183217fd6b","colour":"#fff","createdAt":"2022-01-10T03:11:02.988Z","description":"Kumhbar","isArchived":true,"isDeleted":true,"title":"dee67","updatedAt":"2022-01-10T03:11:02.988Z","userId":"61cc704208b103db8175bc6b"},"message":"notes saved","status":200,"success":true}}
{"level":"info","message":"listening at port 9000"}
{"level":"info","message":"listening at port 9000"}
{"level":"info","message":"listening at port 9000"}
{"level":"info","message":"listening at port 9000"}
{"level":"info","message":"listening at port 9000"}
{"level":"info","message":"listening at port 9000"}
{"level":"info","message":"listening at port 9000"}
{"level":"info","message":"listening at port 9000"}
{"email":"mernReact@gmail.com","iat":1640788064,"id":"61cc704208b103db8175bc6b","level":"info","message":" req.body.data "}
{"level":"info","message":"listening at port 9000"}
{"email":"mernReact@gmail.com","iat":1640788064,"id":"61cc704208b103db8175bc6b","level":"info","message":" req.body.data "}
{"level":"info","message":"listening at port 9000"}
{"email":"mernReact@gmail.com","iat":1640788064,"id":"61cc704208b103db8175bc6b","level":"info","message":" req.body.data "}
{"level":"info","message":"listening at port 9000"}
{"level":"info","message":"listening at port 9000"}
{"email":"mernReact@gmail.com","iat":1640788064,"id":"61cc704208b103db8175bc6b","level":"info","message":" req.body.data "}
{"_message":"Notes validation failed","errors":{"isArchived":{"kind":"Boolean","message":"Cast to Boolean failed for value \"string\" (type string) at path \"isArchived\"","name":"CastError","path":"isArchived","reason":{"kind":"boolean","message":"Cast to boolean failed for value \"string\" (type string) at path \"undefined\"","name":"CastError","stringValue":"\"string\"","value":"string","valueType":"string"},"stringValue":"\"string\"","value":"string","valueType":"string"},"isDeleted":{"kind":"Boolean","message":"Cast to Boolean failed for value \"string\" (type string) at path \"isDeleted\"","name":"CastError","path":"isDeleted","reason":{"kind":"boolean","message":"Cast to boolean failed for value \"string\" (type string) at path \"undefined\"","name":"CastError","stringValue":"\"string\"","value":"string","valueType":"string"},"stringValue":"\"string\"","value":"string","valueType":"string"}},"level":"error","message":"inside model err  Notes validation failed: isArchived: Cast to Boolean failed for value \"string\" (type string) at path \"isArchived\", isDeleted: Cast to Boolean failed for value \"string\" (type string) at path \"isDeleted\"","stack":"ValidationError: Notes validation failed: isArchived: Cast to Boolean failed for value \"string\" (type string) at path \"isArchived\", isDeleted: Cast to Boolean failed for value \"string\" (type string) at path \"isDeleted\"\n    at model.Document.invalidate (C:\\Users\\HP\\Desktop\\Project\\Fundoo_App\\node_modules\\mongoose\\lib\\document.js:2921:32)\n    at model.$set (C:\\Users\\HP\\Desktop\\Project\\Fundoo_App\\node_modules\\mongoose\\lib\\document.js:1458:12)\n    at model.$set (C:\\Users\\HP\\Desktop\\Project\\Fundoo_App\\node_modules\\mongoose\\lib\\document.js:1153:16)\n    at model.Document (C:\\Users\\HP\\Desktop\\Project\\Fundoo_App\\node_modules\\mongoose\\lib\\document.js:158:12)\n    at model.Model (C:\\Users\\HP\\Desktop\\Project\\Fundoo_App\\node_modules\\mongoose\\lib\\model.js:107:12)\n    at new model (C:\\Users\\HP\\Desktop\\Project\\Fundoo_App\\node_modules\\mongoose\\lib\\model.js:4777:15)\n    at ServiceClass.saveService (C:\\Users\\HP\\Desktop\\Project\\Fundoo_App\\src\\services\\NotesService.js:10:16)\n    at saveController (C:\\Users\\HP\\Desktop\\Project\\Fundoo_App\\src\\controller\\NotesController.js:9:8)\n    at Layer.handle [as handle_request] (C:\\Users\\HP\\Desktop\\Project\\Fundoo_App\\node_modules\\express\\lib\\router\\layer.js:95:5)\n    at next (C:\\Users\\HP\\Desktop\\Project\\Fundoo_App\\node_modules\\express\\lib\\router\\route.js:137:13)"}
{"level":"error","message":"inside controller ,error","response":{"data":{"_message":"Notes validation failed","errors":{"isArchived":{"kind":"Boolean","message":"Cast to Boolean failed for value \"string\" (type string) at path \"isArchived\"","name":"CastError","path":"isArchived","reason":{"kind":"boolean","message":"Cast to boolean failed for value \"string\" (type string) at path \"undefined\"","name":"CastError","stringValue":"\"string\"","value":"string","valueType":"string"},"stringValue":"\"string\"","value":"string","valueType":"string"},"isDeleted":{"kind":"Boolean","message":"Cast to Boolean failed for value \"string\" (type string) at path \"isDeleted\"","name":"CastError","path":"isDeleted","reason":{"kind":"boolean","message":"Cast to boolean failed for value \"string\" (type string) at path \"undefined\"","name":"CastError","stringValue":"\"string\"","value":"string","valueType":"string"},"stringValue":"\"string\"","value":"string","valueType":"string"}},"message":"Notes validation failed: isArchived: Cast to Boolean failed for value \"string\" (type string) at path \"isArchived\", isDeleted: Cast to Boolean failed for value \"string\" (type string) at path \"isDeleted\"","name":"ValidationError"},"message":"notes are not saved","status":400,"success":false}}
{"level":"info","message":"listening at port 9000"}
{"email":"mernReact@gmail.com","iat":1640788064,"id":"61cc704208b103db8175bc6b","level":"info","message":" req.body.data "}
{"level":"info","message":"inside controller ,successful ","response":{"data":{"__v":0,"_id":"61dbb5985c2ce6620e1b2350","colour":"string","createdAt":"2022-01-10T04:27:04.305Z","description":"string","isArchived":true,"isDeleted":true,"title":"string","updatedAt":"2022-01-10T04:27:04.305Z","userId":"61cc704208b103db8175bc6b"},"message":"notes saved","status":200,"success":true}}
{"level":"info","message":"listening at port 9000"}
{"email":"mernReact@gmail.com","iat":1640788064,"id":"61cc704208b103db8175bc6b","level":"info","message":" req.body.data "}
{"data":[{"__v":0,"_id":"61dba3c6c7e763183217fd6b","colour":"#fff","createdAt":"2022-01-10T03:11:02.988Z","description":"Kumhbar","isArchived":true,"isDeleted":true,"title":"dee67","updatedAt":"2022-01-10T03:11:02.988Z","userId":"61cc704208b103db8175bc6b"},{"__v":0,"_id":"61dbb5985c2ce6620e1b2350","colour":"string","createdAt":"2022-01-10T04:27:04.305Z","description":"string","isArchived":true,"isDeleted":true,"title":"string","updatedAt":"2022-01-10T04:27:04.305Z","userId":"61cc704208b103db8175bc6b"}],"level":"info","message":"insideget notes Notes Found","status":200,"success":true}
{"level":"info","message":"listening at port 9000"}
{"email":"mernReact@gmail.com","iat":1640788064,"id":"61cc704208b103db8175bc6b","level":"info","message":" req.body.data "}
{"level":"error","message":"inside controller ,failed Cannot read properties of undefined (reading 'title')","stack":"TypeError: Cannot read properties of undefined (reading 'title')\n    at C:\\Users\\HP\\Desktop\\Project\\Fundoo_App\\src\\model\\NotesModel.js:103:25\n    at new Promise (<anonymous>)\n    at ModelClass.updateModel (C:\\Users\\HP\\Desktop\\Project\\Fundoo_App\\src\\model\\NotesModel.js:95:12)\n    at ServiceClass.updateService (C:\\Users\\HP\\Desktop\\Project\\Fundoo_App\\src\\services\\NotesService.js:45:35)\n    at processTicksAndRejections (node:internal/process/task_queues:96:5)"}
{"email":"mernReact@gmail.com","iat":1640788064,"id":"61cc704208b103db8175bc6b","level":"info","message":" req.body.data "}
{"level":"error","message":"inside controller ,failed Cannot read properties of undefined (reading 'title')","stack":"TypeError: Cannot read properties of undefined (reading 'title')\n    at C:\\Users\\HP\\Desktop\\Project\\Fundoo_App\\src\\model\\NotesModel.js:103:25\n    at new Promise (<anonymous>)\n    at ModelClass.updateModel (C:\\Users\\HP\\Desktop\\Project\\Fundoo_App\\src\\model\\NotesModel.js:95:12)\n    at ServiceClass.updateService (C:\\Users\\HP\\Desktop\\Project\\Fundoo_App\\src\\services\\NotesService.js:45:35)\n    at processTicksAndRejections (node:internal/process/task_queues:96:5)"}
{"level":"info","message":"listening at port 9000"}
{"level":"info","message":"listening at port 9000"}
{"email":"mernReact@gmail.com","iat":1640788064,"id":"61cc704208b103db8175bc6b","level":"info","message":" req.body.data "}
{"level":"error","message":"inside controller ,failed Cannot read properties of undefined (reading 'title')","stack":"TypeError: Cannot read properties of undefined (reading 'title')\n    at C:\\Users\\HP\\Desktop\\Project\\Fundoo_App\\src\\model\\NotesModel.js:103:25\n    at new Promise (<anonymous>)\n    at ModelClass.updateModel (C:\\Users\\HP\\Desktop\\Project\\Fundoo_App\\src\\model\\NotesModel.js:95:12)\n    at ServiceClass.updateService (C:\\Users\\HP\\Desktop\\Project\\Fundoo_App\\src\\services\\NotesService.js:57:35)\n    at processTicksAndRejections (node:internal/process/task_queues:96:5)"}
{"email":"mernReact@gmail.com","iat":1640788064,"id":"61cc704208b103db8175bc6b","level":"info","message":" req.body.data "}
{"level":"error","message":"inside controller ,failed Cannot read properties of undefined (reading 'title')","stack":"TypeError: Cannot read properties of undefined (reading 'title')\n    at C:\\Users\\HP\\Desktop\\Project\\Fundoo_App\\src\\model\\NotesModel.js:103:25\n    at new Promise (<anonymous>)\n    at ModelClass.updateModel (C:\\Users\\HP\\Desktop\\Project\\Fundoo_App\\src\\model\\NotesModel.js:95:12)\n    at ServiceClass.updateService (C:\\Users\\HP\\Desktop\\Project\\Fundoo_App\\src\\services\\NotesService.js:57:35)\n    at processTicksAndRejections (node:internal/process/task_queues:96:5)"}
{"level":"info","message":"listening at port 9000"}
{"email":"mernReact@gmail.com","iat":1640788064,"id":"61cc704208b103db8175bc6b","level":"info","message":" req.body.data "}
{"level":"info","message":"inside controller ,successful ","response":{"data":{"__v":0,"_id":"61dbc9309b583a0672e5c918","colour":"#fff","createdAt":"2022-01-10T05:50:40.311Z","description":"Kumhbar","isArchived":true,"isDeleted":true,"title":"dee67","updatedAt":"2022-01-10T05:50:40.311Z","userId":"61cc704208b103db8175bc6b"},"message":"notes saved","status":200,"success":true}}
{"email":"mernReact@gmail.com","iat":1640788064,"id":"61cc704208b103db8175bc6b","level":"info","message":" req.body.data "}
{"level":"error","message":"inside controller ,failed Cannot read properties of undefined (reading 'title')","stack":"TypeError: Cannot read properties of undefined (reading 'title')\n    at C:\\Users\\HP\\Desktop\\Project\\Fundoo_App\\src\\model\\NotesModel.js:103:25\n    at new Promise (<anonymous>)\n    at ModelClass.updateModel (C:\\Users\\HP\\Desktop\\Project\\Fundoo_App\\src\\model\\NotesModel.js:95:12)\n    at ServiceClass.updateService (C:\\Users\\HP\\Desktop\\Project\\Fundoo_App\\src\\services\\NotesService.js:44:35)\n    at processTicksAndRejections (node:internal/process/task_queues:96:5)"}
{"level":"info","message":"listening at port 9000"}
{"email":"mernReact@gmail.com","iat":1640788064,"id":"61cc704208b103db8175bc6b","level":"info","message":" req.body.data "}
{"level":"error","message":"inside controller ,failed Cannot read properties of undefined (reading 'title')","stack":"TypeError: Cannot read properties of undefined (reading 'title')\n    at C:\\Users\\HP\\Desktop\\Project\\Fundoo_App\\src\\model\\NotesModel.js:103:25\n    at new Promise (<anonymous>)\n    at ModelClass.updateModel (C:\\Users\\HP\\Desktop\\Project\\Fundoo_App\\src\\model\\NotesModel.js:95:12)\n    at ServiceClass.updateService (C:\\Users\\HP\\Desktop\\Project\\Fundoo_App\\src\\services\\NotesService.js:59:35)\n    at processTicksAndRejections (node:internal/process/task_queues:96:5)"}
{"level":"info","message":"listening at port 9000"}
{"data":{"__v":0,"_id":"61dbcf8bd119acdec0c5472c","createdAt":"2022-01-10T06:17:47.905Z","email":"mern212431@gmail.com","fName":"MERN","lName":"React","password":"$2b$08$dK5fFnzO4lVS/oGL/9k/kOqLiptIHBoms82rFF11Dnn9QCQVjCOfe","updatedAt":"2022-01-10T06:17:47.905Z"},"level":"info","message":"inside controller ,successful   Registered Succesfully","status":200,"success":true}
{"data":[{"__v":0,"_id":"61dbcf8bd119acdec0c5472c","createdAt":"2022-01-10T06:17:47.905Z","email":"mern212431@gmail.com","fName":"MERN","lName":"React","password":"$2b$08$dK5fFnzO4lVS/oGL/9k/kOqLiptIHBoms82rFF11Dnn9QCQVjCOfe","updatedAt":"2022-01-10T06:17:47.905Z"}],"level":"info","message":"inside controller ,successful  User  Found","status":200,"success":true}
{"level":"info","message":"listening at port 9000"}
{"data":[{"__v":0,"_id":"61dbcf8bd119acdec0c5472c","createdAt":"2022-01-10T06:17:47.905Z","email":"mern212431@gmail.com","fName":"MERN","lName":"React","password":"$2b$08$dK5fFnzO4lVS/oGL/9k/kOqLiptIHBoms82rFF11Dnn9QCQVjCOfe","updatedAt":"2022-01-10T06:17:47.905Z"}],"level":"info","message":"inside controller ,successful  User  Found","status":200,"success":true}
{"level":"info","message":"listening at port 9000"}
{"level":"info","message":"listening at port 9000"}
{"level":"info","message":"listening at port 9000"}
{"level":"info","message":"listening at port 9000"}
{"email":"mernReact@gmail.com","iat":1640788064,"id":"61cc704208b103db8175bc6b","level":"info","message":" req.body.data "}
{"level":"error","message":"inside controller ,failed card is not defined","stack":"ReferenceError: card is not defined\n    at ServiceClass.updateService (C:\\Users\\HP\\Desktop\\Project\\Fundoo_App\\src\\services\\NotesService.js:68:26)\n    at processTicksAndRejections (node:internal/process/task_queues:96:5)"}
{"data":{"email":"deepakkumbhar1920@gmail.com","fName":"Mern","lName":"mern1234","token":"eyJhbGciOiJIUzI1NiIsInR5cCI6IkpXVCJ9.eyJlbWFpbCI6ImRlZXBha2t1bWJoYXIxOTIwQGdtYWlsLmNvbSIsImlkIjoiNjFjYzY3NzMwMGI4OGVkZWE1OTU4YTFlIiwiaWF0IjoxNjQxODAwNjgzfQ.hlDo9RTGBY5gR19B2W3Co46PLaFNomnYRbhcEdxqcs8","userId":"61cc677300b88edea5958a1e"},"level":"info","message":"inside controller ,successful  logged in successfull","status":200,"success":true}
{"email":"deepakkumbhar1920@gmail.com","iat":1641800683,"id":"61cc677300b88edea5958a1e","level":"info","message":" req.body.data "}
{"level":"info","message":"inside controller ,successful ","response":{"data":{"__v":0,"_id":"61dbe43cb789b93dea541eb4","colour":"#fff","createdAt":"2022-01-10T07:46:04.708Z","description":"Kumhbar","isArchived":true,"isDeleted":true,"title":"dee67","updatedAt":"2022-01-10T07:46:04.708Z","userId":"61cc677300b88edea5958a1e"},"message":"notes saved","status":200,"success":true}}
{"email":"deepakkumbhar1920@gmail.com","iat":1641800683,"id":"61cc677300b88edea5958a1e","level":"info","message":" req.body.data "}
{"level":"error","message":"inside controller ,failed card is not defined","stack":"ReferenceError: card is not defined\n    at ServiceClass.updateService (C:\\Users\\HP\\Desktop\\Project\\Fundoo_App\\src\\services\\NotesService.js:68:26)\n    at processTicksAndRejections (node:internal/process/task_queues:96:5)"}
{"level":"info","message":"listening at port 9000"}
{"email":"deepakkumbhar1920@gmail.com","iat":1641800683,"id":"61cc677300b88edea5958a1e","level":"info","message":" req.body.data "}
{"level":"error","message":"inside controller ,failed card is not defined","stack":"ReferenceError: card is not defined\n    at ServiceClass.updateService (C:\\Users\\HP\\Desktop\\Project\\Fundoo_App\\src\\services\\NotesService.js:68:26)\n    at processTicksAndRejections (node:internal/process/task_queues:96:5)"}
{"level":"info","message":"listening at port 9000"}
{"email":"deepakkumbhar1920@gmail.com","iat":1641800683,"id":"61cc677300b88edea5958a1e","level":"info","message":" req.body.data "}
{"level":"error","message":"inside controller ,failed card is not defined","stack":"ReferenceError: card is not defined\n    at ServiceClass.updateService (C:\\Users\\HP\\Desktop\\Project\\Fundoo_App\\src\\services\\NotesService.js:68:26)\n    at processTicksAndRejections (node:internal/process/task_queues:96:5)"}
{"level":"info","message":"listening at port 9000"}
{"level":"info","message":"listening at port 9000"}
{"email":"deepakkumbhar1920@gmail.com","iat":1641800683,"id":"61cc677300b88edea5958a1e","level":"info","message":" req.body.data "}
{"level":"error","message":"inside controller ,failed Cannot read properties of undefined (reading 'title')","stack":"TypeError: Cannot read properties of undefined (reading 'title')\n    at C:\\Users\\HP\\Desktop\\Project\\Fundoo_App\\src\\model\\NotesModel.js:103:25\n    at new Promise (<anonymous>)\n    at ModelClass.updateModel (C:\\Users\\HP\\Desktop\\Project\\Fundoo_App\\src\\model\\NotesModel.js:95:12)\n    at ServiceClass.updateService (C:\\Users\\HP\\Desktop\\Project\\Fundoo_App\\src\\services\\NotesService.js:61:35)\n    at processTicksAndRejections (node:internal/process/task_queues:96:5)"}
{"level":"info","message":"listening at port 9000"}
{"email":"deepakkumbhar1920@gmail.com","iat":1641800683,"id":"61cc677300b88edea5958a1e","level":"info","message":" req.body.data "}
{"level":"error","message":"inside controller ,failed Cannot read properties of undefined (reading 'title')","stack":"TypeError: Cannot read properties of undefined (reading 'title')\n    at C:\\Users\\HP\\Desktop\\Project\\Fundoo_App\\src\\model\\NotesModel.js:103:25\n    at new Promise (<anonymous>)\n    at ModelClass.updateModel (C:\\Users\\HP\\Desktop\\Project\\Fundoo_App\\src\\model\\NotesModel.js:95:12)\n    at ServiceClass.updateService (C:\\Users\\HP\\Desktop\\Project\\Fundoo_App\\src\\services\\NotesService.js:61:35)\n    at processTicksAndRejections (node:internal/process/task_queues:96:5)"}
{"email":"deepakkumbhar1920@gmail.com","iat":1641800683,"id":"61cc677300b88edea5958a1e","level":"info","message":" req.body.data "}
{"level":"error","message":"inside controller ,failed Cannot read properties of undefined (reading 'title')","stack":"TypeError: Cannot read properties of undefined (reading 'title')\n    at C:\\Users\\HP\\Desktop\\Project\\Fundoo_App\\src\\model\\NotesModel.js:103:25\n    at new Promise (<anonymous>)\n    at ModelClass.updateModel (C:\\Users\\HP\\Desktop\\Project\\Fundoo_App\\src\\model\\NotesModel.js:95:12)\n    at ServiceClass.updateService (C:\\Users\\HP\\Desktop\\Project\\Fundoo_App\\src\\services\\NotesService.js:61:35)\n    at processTicksAndRejections (node:internal/process/task_queues:96:5)"}
{"level":"info","message":"listening at port 9000"}
{"email":"deepakkumbhar1920@gmail.com","iat":1641800683,"id":"61cc677300b88edea5958a1e","level":"info","message":" req.body.data "}
{"data":{"acknowledged":true,"matchedCount":1,"modifiedCount":1,"upsertedCount":0,"upsertedId":null},"level":"info","message":"inside controller successs Note Updated Successfully","status":200,"success":true}
{"level":"info","message":"listening at port 9000"}
{"email":"deepakkumbhar1920@gmail.com","iat":1641800683,"id":"61cc677300b88edea5958a1e","level":"info","message":" req.body.data "}
{"data":{"acknowledged":true,"matchedCount":1,"modifiedCount":1,"upsertedCount":0,"upsertedId":null},"level":"info","message":"inside controller successs Note Updated Successfully","status":200,"success":true}
{"email":"deepakkumbhar1920@gmail.com","iat":1641800683,"id":"61cc677300b88edea5958a1e","level":"info","message":" req.body.data "}
{"data":{"acknowledged":true,"matchedCount":1,"modifiedCount":1,"upsertedCount":0,"upsertedId":null},"level":"info","message":"inside controller successs Note Updated Successfully","status":200,"success":true}
{"email":"mernReact@gmail.com","iat":1640788064,"id":"61cc704208b103db8175bc6b","level":"info","message":" req.body.data "}
{"data":{"deletedCount":1},"level":"info","message":"inside controller successs Note Deleted Successfully","status":200,"success":true}
{"email":"deepakkumbhar1920@gmail.com","iat":1641800683,"id":"61cc677300b88edea5958a1e","level":"info","message":" req.body.data "}
{"level":"info","message":"inside controller ,successful ","response":{"data":{"__v":0,"_id":"61dbe798fc5ddd9eddf8b601","colour":"#fff","createdAt":"2022-01-10T08:00:24.435Z","description":"Kumhbar","isArchived":true,"isDeleted":true,"title":"dee67","updatedAt":"2022-01-10T08:00:24.435Z","userId":"61cc677300b88edea5958a1e"},"message":"notes saved","status":200,"success":true}}
{"level":"info","message":"listening at port 9000"}
{"email":"deepakkumbhar1920@gmail.com","iat":1641800683,"id":"61cc677300b88edea5958a1e","level":"info","message":" req.body.data "}
{"data":{"deletedCount":1},"level":"info","message":"inside controller successs Note Deleted Successfully","status":200,"success":true}
{"email":"deepakkumbhar1920@gmail.com","iat":1641800683,"id":"61cc677300b88edea5958a1e","level":"info","message":" req.body.data "}
{"data":[],"level":"info","message":"inside controller successs Notes not found ","status":200}
{"email":"deepakkumbhar1920@gmail.com","iat":1641800683,"id":"61cc677300b88edea5958a1e","level":"info","message":" req.body.data "}
{"level":"info","message":"inside controller ,successful ","response":{"data":{"__v":0,"_id":"61dbe842664db1db12c6587d","colour":"#fff","createdAt":"2022-01-10T08:03:14.319Z","description":"Kumhbar","isArchived":true,"isDeleted":true,"title":"dee67","updatedAt":"2022-01-10T08:03:14.319Z","userId":"61cc677300b88edea5958a1e"},"message":"notes saved","status":200,"success":true}}
{"email":"deepakkumbhar1920@gmail.com","iat":1641800683,"id":"61cc677300b88edea5958a1e","level":"info","message":" req.body.data "}
{"data":[{"__v":0,"_id":"61dbe842664db1db12c6587d","colour":"#fff","createdAt":"2022-01-10T08:03:14.319Z","description":"Kumhbar","isArchived":true,"isDeleted":true,"title":"dee67","updatedAt":"2022-01-10T08:03:14.319Z","userId":"61cc677300b88edea5958a1e"}],"level":"info","message":"inside controller successs Notes Found","status":200,"success":true}
{"level":"info","message":"listening at port 9000"}
{"level":"info","message":"inside controller ,successful "}
{"level":"info","message":"listening at port 9000"}
{"level":"info","message":"listening at port 9000"}
{"email":"deepakkumbhar1920@gmail.com","iat":1641800683,"id":"61cc677300b88edea5958a1e","level":"info","message":" req.body.data "}
{"data":{"__v":0,"_id":"61cc677300b88edea5958a1e","createdAt":"2021-12-29T13:49:39.654Z","email":"deepakkumbhar1920@gmail.com","fName":"Mern","lName":"mern1234","password":"$2b$08$qimVECocTiTPVRfbcjclMeqQeArHFNyjEKpYphIh1WATZWH7AU8km","updatedAt":"2022-01-10T08:11:56.232Z"},"level":"info","message":"inside controller ,successful  User Password Updated","status":200,"success":true}
{"data":{"email":"deepakkumbhar1920@gmail.com","fName":"Mern","lName":"mern12","token":"eyJhbGciOiJIUzI1NiIsInR5cCI6IkpXVCJ9.eyJlbWFpbCI6ImRlZXBha2t1bWJoYXIxOTIwQGdtYWlsLmNvbSIsImlkIjoiNjFjYzY3NzMwMGI4OGVkZWE1OTU4YTFlIiwiaWF0IjoxNjQxODAyNDA0fQ.ibRvNncRQsNTq6K73IfMNZPtI-ZuoovG0U1OPLbyUA8","userId":"61cc677300b88edea5958a1e"},"level":"info","message":"inside controller ,successful  logged in successfull","status":200,"success":true}
{"level":"info","message":"listening at port 9000"}
{"level":"info","message":"listening at port 9000"}
{"level":"info","message":"listening at port 9000"}
{"level":"error","message":"inside controller ,failed Cannot read properties of undefined (reading 'email')","stack":"TypeError: Cannot read properties of undefined (reading 'email')\n    at ServiceClass.forgotPasswordService (C:\\Users\\HP\\Desktop\\Project\\Fundoo_App\\src\\services\\UserServices.js:101:36)\n    at processTicksAndRejections (node:internal/process/task_queues:96:5)"}
{"level":"error","message":"inside controller ,failed Cannot read properties of undefined (reading 'email')","stack":"TypeError: Cannot read properties of undefined (reading 'email')\n    at ServiceClass.forgotPasswordService (C:\\Users\\HP\\Desktop\\Project\\Fundoo_App\\src\\services\\UserServices.js:101:36)\n    at processTicksAndRejections (node:internal/process/task_queues:96:5)"}
{"level":"error","message":"inside controller ,failed Cannot read properties of undefined (reading 'email')","stack":"TypeError: Cannot read properties of undefined (reading 'email')\n    at ServiceClass.forgotPasswordService (C:\\Users\\HP\\Desktop\\Project\\Fundoo_App\\src\\services\\UserServices.js:101:36)\n    at processTicksAndRejections (node:internal/process/task_queues:96:5)"}
{"level":"info","message":"listening at port 9000"}
{"level":"info","message":"listening at port 9000"}
{"data":{"__v":0,"_id":"61dbfc122e93dcc552add8f0","createdAt":"2022-01-10T09:27:46.516Z","email":"mern@gmail.com","fName":"MERN","lName":"React","password":"$2b$08$wBdMj2DdTBJuf2W/jKe/4uzr01VABFm.0Io2Z04OMdHYc0K8XzDf6","updatedAt":"2022-01-10T09:27:46.516Z"},"level":"info","message":"inside controller ,successful   Registered Succesfully","status":200,"success":true}
{"level":"error","message":"inside controller ,failed Cannot read properties of undefined (reading 'email')","stack":"TypeError: Cannot read properties of undefined (reading 'email')\n    at ServiceClass.forgotPasswordService (C:\\Users\\HP\\Desktop\\Project\\Fundoo_App\\src\\services\\UserServices.js:97:55)\n    at processTicksAndRejections (node:internal/process/task_queues:96:5)"}
{"data":[{"__v":0,"_id":"61dbfc122e93dcc552add8f0","createdAt":"2022-01-10T09:27:46.516Z","email":"mern@gmail.com","fName":"MERN","lName":"React","password":"$2b$08$wBdMj2DdTBJuf2W/jKe/4uzr01VABFm.0Io2Z04OMdHYc0K8XzDf6","updatedAt":"2022-01-10T09:27:46.516Z"}],"level":"info","message":"inside controller ,successful  User  Found","status":200,"success":true}
{"level":"error","message":"inside controller ,failed Cannot read properties of undefined (reading 'email')","stack":"TypeError: Cannot read properties of undefined (reading 'email')\n    at ServiceClass.forgotPasswordService (C:\\Users\\HP\\Desktop\\Project\\Fundoo_App\\src\\services\\UserServices.js:97:55)\n    at processTicksAndRejections (node:internal/process/task_queues:96:5)"}
{"level":"info","message":"listening at port 9000"}
{"level":"error","message":"inside controller ,failed Cannot read properties of undefined (reading 'email')","stack":"TypeError: Cannot read properties of undefined (reading 'email')\n    at ServiceClass.forgotPasswordService (C:\\Users\\HP\\Desktop\\Project\\Fundoo_App\\src\\services\\UserServices.js:97:55)\n    at processTicksAndRejections (node:internal/process/task_queues:96:5)"}
{"level":"info","message":"listening at port 9000"}
{"level":"error","message":"inside controller ,failed Cannot read properties of undefined (reading 'email')","stack":"TypeError: Cannot read properties of undefined (reading 'email')\n    at ServiceClass.forgotPasswordService (C:\\Users\\HP\\Desktop\\Project\\Fundoo_App\\src\\services\\UserServices.js:97:55)\n    at processTicksAndRejections (node:internal/process/task_queues:96:5)"}
{"level":"info","message":"listening at port 9000"}
{"level":"info","message":"listening at port 9000"}
{"data":"","level":"info","message":"inside controller ,successful  LInk sent to email Successfully","status":200,"success":true}
{"level":"info","message":"listening at port 9000"}
{"level":"info","message":"listening at port 9000"}
